<!DOCTYPE html PUBLIC "-//W3C//DTD XHTML 1.1//EN" "https://www.w3.org/TR/xhtml11/DTD/xhtml11.dtd">
<html xmlns="https://www.w3.org/1999/xhtml">
<head>
<meta http-equiv="content-type" content="text/html; charset=UTF-8"/>
<title>TestNG Report</title>
<style type="text/css">table {margin-bottom:10px;border-collapse:collapse;empty-cells:show}th,td {border:1px solid #009;padding:.25em .5em}th {vertical-align:bottom}td {vertical-align:top}table a {font-weight:bold}.stripe td {background-color: #E6EBF9}.num {text-align:right}.passedodd td {background-color: #3F3}.passedeven td {background-color: #0A0}.skippedodd td {background-color: #DDD}.skippedeven td {background-color: #CCC}.failedodd td,.attn {background-color: #F33}.failedeven td,.stripe .attn {background-color: #D00}.stacktrace {white-space:pre;font-family:monospace}.totop {font-size:85%;text-align:center;border-bottom:2px solid #000}.invisible {display:none}</style>
</head>
<body>
<table>
<tr><th>Test</th><th># Passed</th><th># Skipped</th><th># Retried</th><th># Failed</th><th>Time (ms)</th><th>Included Groups</th><th>Excluded Groups</th></tr>
<tr><th colspan="8">Suite</th></tr>
<tr><td><a href="#t0">Test</a></td><td class="num">20</td><td class="num">0</td><td class="num">0</td><td class="num attn">6</td><td class="num">382,972</td><td></td><td></td></tr>
</table>
<table id='summary'><thead><tr><th>Class</th><th>Method</th><th>Start</th><th>Time (ms)</th></tr></thead><tbody><tr><th colspan="4">Suite</th></tr></tbody><tbody id="t0"><tr><th colspan="4">Test &#8212; failed</th></tr><tr class="failedeven"><td rowspan="1">Acc_update.NewTest</td><td><a href="#m0">verifyHomePageLoadsCorrectly</a></td><td rowspan="1">1722055869486</td><td rowspan="1">19079</td></tr><tr class="failedodd"><td rowspan="1">OrderHistory.NewTest</td><td><a href="#m1">verifyHomePageLoadsCorrectly</a></td><td rowspan="1">1722056025679</td><td rowspan="1">18316</td></tr><tr class="failedeven"><td rowspan="1">PasswordReset.NewTest</td><td><a href="#m2">f</a></td><td rowspan="1">1722055907770</td><td rowspan="1">23024</td></tr><tr class="failedodd"><td rowspan="1">Register.NewTest</td><td><a href="#m3">verifyUserRegistration</a></td><td rowspan="1">1722055841895</td><td rowspan="1">6925</td></tr><tr class="failedeven"><td rowspan="1">Reorder.NewTest</td><td><a href="#m4">verifyHomePageLoadsCorrectly</a></td><td rowspan="1">1722056078142</td><td rowspan="1">18301</td></tr><tr class="failedodd"><td rowspan="1">Verify_Shiping.NewTest</td><td><a href="#m5">verifyHomePageLoadsCorrectly</a></td><td rowspan="1">1722056162007</td><td rowspan="1">27003</td></tr><tr><th colspan="4">Test &#8212; passed</th></tr><tr class="passedeven"><td rowspan="2">Add_to_Cart.NewTest</td><td><a href="#m6">login</a></td><td rowspan="1">1722055889435</td><td rowspan="1">9722</td></tr><tr class="passedeven"><td><a href="#m7">verifyAddToCart</a></td><td rowspan="1">1722055899162</td><td rowspan="1">7658</td></tr><tr class="passedodd"><td rowspan="1">AddingProduct_re.NewTest</td><td><a href="#m8">verifyHomePageLoadsCorrectly</a></td><td rowspan="1">1722055958158</td><td rowspan="1">18467</td></tr><tr class="passedeven"><td rowspan="1">Address.NewTest</td><td><a href="#m9">verifyHomePageLoadsCorrectly</a></td><td rowspan="1">1722056140201</td><td rowspan="1">20702</td></tr><tr class="passedodd"><td rowspan="1">Address_Selection_Checkout.NewTest</td><td><a href="#m10">verifyHomePageLoadsCorrectly</a></td><td rowspan="1">1722056190116</td><td rowspan="1">26409</td></tr><tr class="passedeven"><td rowspan="1">Category.CategoryTest</td><td><a href="#m11">verifyProductCategoriesAccessible</a></td><td rowspan="1">1722055863342</td><td rowspan="1">5246</td></tr><tr class="passedodd"><td rowspan="1">Compare_product.NewTest</td><td><a href="#m12">verifyHomePageLoadsCorrectly</a></td><td rowspan="1">1722055977958</td><td rowspan="1">13913</td></tr><tr class="passedeven"><td rowspan="1">Compare_product_remove.NewTest</td><td><a href="#m13">verifyHomePageLoadsCorrectly</a></td><td rowspan="1">1722055992897</td><td rowspan="1">19014</td></tr><tr class="passedodd"><td rowspan="1">Creating_order.NewTest</td><td><a href="#m14">f</a></td><td rowspan="1">1722056045195</td><td rowspan="1">32004</td></tr><tr class="passedeven"><td rowspan="1">Filter_Options.NewTest</td><td><a href="#m15">verifyHomePageLoadsCorrectly</a></td><td rowspan="1">1722056098163</td><td rowspan="1">7689</td></tr><tr class="passedodd"><td rowspan="1">HOMEPAGE_LOAD.NewTest</td><td><a href="#m16">verifyHomePageLoadsCorrectly</a></td><td rowspan="1">1722055857665</td><td rowspan="1">4657</td></tr><tr class="passedeven"><td rowspan="1">Login.NewTest</td><td><a href="#m17">f</a></td><td rowspan="1">1722055849760</td><td rowspan="1">6932</td></tr><tr class="passedodd"><td rowspan="1">Product_page.NewTest</td><td><a href="#m18">verifyProductDetailPageDisplays</a></td><td rowspan="1">1722055931919</td><td rowspan="1">7113</td></tr><tr class="passedeven"><td rowspan="1">Remove_wishlist.NewTest</td><td><a href="#m19">verifyHomePageLoadsCorrectly</a></td><td rowspan="1">1722056126529</td><td rowspan="1">12667</td></tr><tr class="passedodd"><td rowspan="1">SearchFunctionality.SearchTest</td><td><a href="#m20">verifySearchFunctionality</a></td><td rowspan="1">1722055939939</td><td rowspan="1">6067</td></tr><tr class="passedeven"><td rowspan="1">Sort_price.NewTest</td><td><a href="#m21">verifyHomePageLoadsCorrectly</a></td><td rowspan="1">1722056106905</td><td rowspan="1">9835</td></tr><tr class="passedodd"><td rowspan="1">Verify_Hori_Vert.NewTest</td><td><a href="#m22">verifyHomePageLoadsCorrectly</a></td><td rowspan="1">1722056117712</td><td rowspan="1">7860</td></tr><tr class="passedeven"><td rowspan="1">Verify_forgetPass.NewTest</td><td><a href="#m23">f</a></td><td rowspan="1">1722055946968</td><td rowspan="1">10267</td></tr><tr class="passedodd"><td rowspan="1">Verifying_posters.NewTest</td><td><a href="#m24">f</a></td><td rowspan="1">1722056217463</td><td rowspan="1">6038</td></tr><tr class="passedeven"><td rowspan="1">WishList_function.NewTest</td><td><a href="#m25">verifyHomePageLoadsCorrectly</a></td><td rowspan="1">1722056012890</td><td rowspan="1">11790</td></tr></tbody>
</table>
<h2>Test</h2><h3 id="m0">Acc_update.NewTest#verifyHomePageLoadsCorrectly</h3><table class="result"><tr><th>Exception</th></tr><tr><td><div class="stacktrace">java.lang.AssertionError: Account details update failed. expected [true] but found [false]
	at Acc_update.NewTest.verifyHomePageLoadsCorrectly(NewTest.java:36)
	at java.base/java.util.ArrayList.forEach(ArrayList.java:1597)
... Removed 28 stack frames</div></td></tr></table><p class="totop"><a href="#summary">back to summary</a></p>
<h3 id="m1">OrderHistory.NewTest#verifyHomePageLoadsCorrectly</h3><table class="result"><tr><th>Exception</th></tr><tr><td><div class="stacktrace">org.openqa.selenium.NoSuchElementException: no such element: Unable to locate element: {&quot;method&quot;:&quot;xpath&quot;,&quot;selector&quot;:&quot;//div[@aria-hidden=&apos;false&apos;]//a[normalize-space()=&apos;My Account&apos;]&quot;}
  (Session info: chrome=126.0.6478.185)
For documentation on this error, please visit: https://www.selenium.dev/documentation/webdriver/troubleshooting/errors#no-such-element-exception
Build info: version: &apos;4.22.0&apos;, revision: &apos;c5f3146703*&apos;
System info: os.name: &apos;Windows 11&apos;, os.arch: &apos;amd64&apos;, os.version: &apos;10.0&apos;, java.version: &apos;22.0.1&apos;
Driver info: org.openqa.selenium.chrome.ChromeDriver
Command: [bcc02d1c4f22aef311a09c0d766d47f3, findElement {value=//div[@aria-hidden=&apos;false&apos;]//a[normalize-space()=&apos;My Account&apos;], using=xpath}]
Capabilities {acceptInsecureCerts: false, browserName: chrome, browserVersion: 126.0.6478.185, chrome: {chromedriverVersion: 126.0.6478.182 (5b5d8292ddf..., userDataDir: C:\Users\ASUS\AppData\Local...}, fedcm:accounts: true, goog:chromeOptions: {debuggerAddress: localhost:60037}, networkConnectionEnabled: false, pageLoadStrategy: normal, platformName: windows, proxy: Proxy(), se:cdp: ws://localhost:60037/devtoo..., se:cdpVersion: 126.0.6478.185, setWindowRect: true, strictFileInteractability: false, timeouts: {implicit: 0, pageLoad: 300000, script: 30000}, unhandledPromptBehavior: dismiss and notify, webauthn:extension:credBlob: true, webauthn:extension:largeBlob: true, webauthn:extension:minPinLength: true, webauthn:extension:prf: true, webauthn:virtualAuthenticators: true}
Session ID: bcc02d1c4f22aef311a09c0d766d47f3
	at org.openqa.selenium.remote.ErrorCodec.decode(ErrorCodec.java:167)
	at org.openqa.selenium.remote.codec.w3c.W3CHttpResponseCodec.decode(W3CHttpResponseCodec.java:138)
	at org.openqa.selenium.remote.codec.w3c.W3CHttpResponseCodec.decode(W3CHttpResponseCodec.java:50)
	at org.openqa.selenium.remote.HttpCommandExecutor.execute(HttpCommandExecutor.java:190)
	at org.openqa.selenium.remote.service.DriverCommandExecutor.invokeExecute(DriverCommandExecutor.java:216)
	at org.openqa.selenium.remote.service.DriverCommandExecutor.execute(DriverCommandExecutor.java:174)
	at org.openqa.selenium.remote.RemoteWebDriver.execute(RemoteWebDriver.java:518)
	at org.openqa.selenium.remote.ElementLocation$ElementFinder$2.findElement(ElementLocation.java:165)
	at org.openqa.selenium.remote.ElementLocation.findElement(ElementLocation.java:59)
	at org.openqa.selenium.remote.RemoteWebDriver.findElement(RemoteWebDriver.java:355)
	at org.openqa.selenium.remote.RemoteWebDriver.findElement(RemoteWebDriver.java:349)
	at OrderHistory.NewTest.verifyHomePageLoadsCorrectly(NewTest.java:31)
	at java.base/java.util.ArrayList.forEach(ArrayList.java:1597)
... Removed 28 stack frames</div></td></tr></table><p class="totop"><a href="#summary">back to summary</a></p>
<h3 id="m2">PasswordReset.NewTest#f</h3><table class="result"><tr><th>Exception</th></tr><tr><td><div class="stacktrace">org.openqa.selenium.NoSuchElementException: no such element: Unable to locate element: {&quot;method&quot;:&quot;xpath&quot;,&quot;selector&quot;:&quot;//div[@class=&apos;panel header&apos;]//button[@type=&apos;button&apos;]&quot;}
  (Session info: chrome=126.0.6478.185)
For documentation on this error, please visit: https://www.selenium.dev/documentation/webdriver/troubleshooting/errors#no-such-element-exception
Build info: version: &apos;4.22.0&apos;, revision: &apos;c5f3146703*&apos;
System info: os.name: &apos;Windows 11&apos;, os.arch: &apos;amd64&apos;, os.version: &apos;10.0&apos;, java.version: &apos;22.0.1&apos;
Driver info: org.openqa.selenium.chrome.ChromeDriver
Command: [d2675559aaeaf4a3d8e40a8b3d977bee, findElement {value=//div[@class=&apos;panel header&apos;]//button[@type=&apos;button&apos;], using=xpath}]
Capabilities {acceptInsecureCerts: false, browserName: chrome, browserVersion: 126.0.6478.185, chrome: {chromedriverVersion: 126.0.6478.182 (5b5d8292ddf..., userDataDir: C:\Users\ASUS\AppData\Local...}, fedcm:accounts: true, goog:chromeOptions: {debuggerAddress: localhost:59809}, networkConnectionEnabled: false, pageLoadStrategy: normal, platformName: windows, proxy: Proxy(), se:cdp: ws://localhost:59809/devtoo..., se:cdpVersion: 126.0.6478.185, setWindowRect: true, strictFileInteractability: false, timeouts: {implicit: 0, pageLoad: 300000, script: 30000}, unhandledPromptBehavior: dismiss and notify, webauthn:extension:credBlob: true, webauthn:extension:largeBlob: true, webauthn:extension:minPinLength: true, webauthn:extension:prf: true, webauthn:virtualAuthenticators: true}
Session ID: d2675559aaeaf4a3d8e40a8b3d977bee
	at org.openqa.selenium.remote.ErrorCodec.decode(ErrorCodec.java:167)
	at org.openqa.selenium.remote.codec.w3c.W3CHttpResponseCodec.decode(W3CHttpResponseCodec.java:138)
	at org.openqa.selenium.remote.codec.w3c.W3CHttpResponseCodec.decode(W3CHttpResponseCodec.java:50)
	at org.openqa.selenium.remote.HttpCommandExecutor.execute(HttpCommandExecutor.java:190)
	at org.openqa.selenium.remote.service.DriverCommandExecutor.invokeExecute(DriverCommandExecutor.java:216)
	at org.openqa.selenium.remote.service.DriverCommandExecutor.execute(DriverCommandExecutor.java:174)
	at org.openqa.selenium.remote.RemoteWebDriver.execute(RemoteWebDriver.java:518)
	at org.openqa.selenium.remote.ElementLocation$ElementFinder$2.findElement(ElementLocation.java:165)
	at org.openqa.selenium.remote.ElementLocation.findElement(ElementLocation.java:59)
	at org.openqa.selenium.remote.RemoteWebDriver.findElement(RemoteWebDriver.java:355)
	at org.openqa.selenium.remote.RemoteWebDriver.findElement(RemoteWebDriver.java:349)
	at PasswordReset.NewTest.f(NewTest.java:28)
	at java.base/java.util.ArrayList.forEach(ArrayList.java:1597)
... Removed 28 stack frames</div></td></tr></table><p class="totop"><a href="#summary">back to summary</a></p>
<h3 id="m3">Register.NewTest#verifyUserRegistration</h3><table class="result"><tr><th>Exception</th></tr><tr><td><div class="stacktrace">java.lang.AssertionError: User registration failed.
	at Register.NewTest.verifyUserRegistration(NewTest.java:28)
	at java.base/java.util.ArrayList.forEach(ArrayList.java:1597)
... Removed 25 stack frames</div></td></tr></table><p class="totop"><a href="#summary">back to summary</a></p>
<h3 id="m4">Reorder.NewTest#verifyHomePageLoadsCorrectly</h3><table class="result"><tr><th>Exception</th></tr><tr><td><div class="stacktrace">org.openqa.selenium.NoSuchElementException: no such element: Unable to locate element: {&quot;method&quot;:&quot;xpath&quot;,&quot;selector&quot;:&quot;//div[@aria-hidden=&apos;false&apos;]//a[normalize-space()=&apos;My Account&apos;]&quot;}
  (Session info: chrome=126.0.6478.185)
For documentation on this error, please visit: https://www.selenium.dev/documentation/webdriver/troubleshooting/errors#no-such-element-exception
Build info: version: &apos;4.22.0&apos;, revision: &apos;c5f3146703*&apos;
System info: os.name: &apos;Windows 11&apos;, os.arch: &apos;amd64&apos;, os.version: &apos;10.0&apos;, java.version: &apos;22.0.1&apos;
Driver info: org.openqa.selenium.chrome.ChromeDriver
Command: [ab369d0d48a86e1a1e8a3f74f030b88e, findElement {value=//div[@aria-hidden=&apos;false&apos;]//a[normalize-space()=&apos;My Account&apos;], using=xpath}]
Capabilities {acceptInsecureCerts: false, browserName: chrome, browserVersion: 126.0.6478.185, chrome: {chromedriverVersion: 126.0.6478.182 (5b5d8292ddf..., userDataDir: C:\Users\ASUS\AppData\Local...}, fedcm:accounts: true, goog:chromeOptions: {debuggerAddress: localhost:60097}, networkConnectionEnabled: false, pageLoadStrategy: normal, platformName: windows, proxy: Proxy(), se:cdp: ws://localhost:60097/devtoo..., se:cdpVersion: 126.0.6478.185, setWindowRect: true, strictFileInteractability: false, timeouts: {implicit: 0, pageLoad: 300000, script: 30000}, unhandledPromptBehavior: dismiss and notify, webauthn:extension:credBlob: true, webauthn:extension:largeBlob: true, webauthn:extension:minPinLength: true, webauthn:extension:prf: true, webauthn:virtualAuthenticators: true}
Session ID: ab369d0d48a86e1a1e8a3f74f030b88e
	at org.openqa.selenium.remote.ErrorCodec.decode(ErrorCodec.java:167)
	at org.openqa.selenium.remote.codec.w3c.W3CHttpResponseCodec.decode(W3CHttpResponseCodec.java:138)
	at org.openqa.selenium.remote.codec.w3c.W3CHttpResponseCodec.decode(W3CHttpResponseCodec.java:50)
	at org.openqa.selenium.remote.HttpCommandExecutor.execute(HttpCommandExecutor.java:190)
	at org.openqa.selenium.remote.service.DriverCommandExecutor.invokeExecute(DriverCommandExecutor.java:216)
	at org.openqa.selenium.remote.service.DriverCommandExecutor.execute(DriverCommandExecutor.java:174)
	at org.openqa.selenium.remote.RemoteWebDriver.execute(RemoteWebDriver.java:518)
	at org.openqa.selenium.remote.ElementLocation$ElementFinder$2.findElement(ElementLocation.java:165)
	at org.openqa.selenium.remote.ElementLocation.findElement(ElementLocation.java:59)
	at org.openqa.selenium.remote.RemoteWebDriver.findElement(RemoteWebDriver.java:355)
	at org.openqa.selenium.remote.RemoteWebDriver.findElement(RemoteWebDriver.java:349)
	at Reorder.NewTest.verifyHomePageLoadsCorrectly(NewTest.java:31)
	at java.base/java.util.ArrayList.forEach(ArrayList.java:1597)
... Removed 28 stack frames</div></td></tr></table><p class="totop"><a href="#summary">back to summary</a></p>
<h3 id="m5">Verify_Shiping.NewTest#verifyHomePageLoadsCorrectly</h3><table class="result"><tr><th>Exception</th></tr><tr><td><div class="stacktrace">org.openqa.selenium.NoSuchElementException: no such element: Unable to locate element: {&quot;method&quot;:&quot;xpath&quot;,&quot;selector&quot;:&quot;//input[@name=&apos;ko_unique_2&apos;]&quot;}
  (Session info: chrome=126.0.6478.185)
For documentation on this error, please visit: https://www.selenium.dev/documentation/webdriver/troubleshooting/errors#no-such-element-exception
Build info: version: &apos;4.22.0&apos;, revision: &apos;c5f3146703*&apos;
System info: os.name: &apos;Windows 11&apos;, os.arch: &apos;amd64&apos;, os.version: &apos;10.0&apos;, java.version: &apos;22.0.1&apos;
Driver info: org.openqa.selenium.chrome.ChromeDriver
Command: [b5968c6f43a34b4a1943565674572948, findElement {value=//input[@name=&apos;ko_unique_2&apos;], using=xpath}]
Capabilities {acceptInsecureCerts: false, browserName: chrome, browserVersion: 126.0.6478.185, chrome: {chromedriverVersion: 126.0.6478.182 (5b5d8292ddf..., userDataDir: C:\Users\ASUS\AppData\Local...}, fedcm:accounts: true, goog:chromeOptions: {debuggerAddress: localhost:60266}, networkConnectionEnabled: false, pageLoadStrategy: normal, platformName: windows, proxy: Proxy(), se:cdp: ws://localhost:60266/devtoo..., se:cdpVersion: 126.0.6478.185, setWindowRect: true, strictFileInteractability: false, timeouts: {implicit: 0, pageLoad: 300000, script: 30000}, unhandledPromptBehavior: dismiss and notify, webauthn:extension:credBlob: true, webauthn:extension:largeBlob: true, webauthn:extension:minPinLength: true, webauthn:extension:prf: true, webauthn:virtualAuthenticators: true}
Session ID: b5968c6f43a34b4a1943565674572948
	at org.openqa.selenium.remote.ErrorCodec.decode(ErrorCodec.java:167)
	at org.openqa.selenium.remote.codec.w3c.W3CHttpResponseCodec.decode(W3CHttpResponseCodec.java:138)
	at org.openqa.selenium.remote.codec.w3c.W3CHttpResponseCodec.decode(W3CHttpResponseCodec.java:50)
	at org.openqa.selenium.remote.HttpCommandExecutor.execute(HttpCommandExecutor.java:190)
	at org.openqa.selenium.remote.service.DriverCommandExecutor.invokeExecute(DriverCommandExecutor.java:216)
	at org.openqa.selenium.remote.service.DriverCommandExecutor.execute(DriverCommandExecutor.java:174)
	at org.openqa.selenium.remote.RemoteWebDriver.execute(RemoteWebDriver.java:518)
	at org.openqa.selenium.remote.ElementLocation$ElementFinder$2.findElement(ElementLocation.java:165)
	at org.openqa.selenium.remote.ElementLocation.findElement(ElementLocation.java:59)
	at org.openqa.selenium.remote.RemoteWebDriver.findElement(RemoteWebDriver.java:355)
	at org.openqa.selenium.remote.RemoteWebDriver.findElement(RemoteWebDriver.java:349)
	at Verify_Shiping.NewTest.verifyHomePageLoadsCorrectly(NewTest.java:43)
	at java.base/java.util.ArrayList.forEach(ArrayList.java:1597)
... Removed 28 stack frames</div></td></tr></table><p class="totop"><a href="#summary">back to summary</a></p>
<h3 id="m6">Add_to_Cart.NewTest#login</h3><table class="result"><tr><th class="invisible"/></tr></table><p class="totop"><a href="#summary">back to summary</a></p>
<h3 id="m7">Add_to_Cart.NewTest#verifyAddToCart</h3><table class="result"><tr><th class="invisible"/></tr></table><p class="totop"><a href="#summary">back to summary</a></p>
<h3 id="m8">AddingProduct_re.NewTest#verifyHomePageLoadsCorrectly</h3><table class="result"><tr><th class="invisible"/></tr></table><p class="totop"><a href="#summary">back to summary</a></p>
<h3 id="m9">Address.NewTest#verifyHomePageLoadsCorrectly</h3><table class="result"><tr><th class="invisible"/></tr></table><p class="totop"><a href="#summary">back to summary</a></p>
<h3 id="m10">Address_Selection_Checkout.NewTest#verifyHomePageLoadsCorrectly</h3><table class="result"><tr><th class="invisible"/></tr></table><p class="totop"><a href="#summary">back to summary</a></p>
<h3 id="m11">Category.CategoryTest#verifyProductCategoriesAccessible</h3><table class="result"><tr><th class="invisible"/></tr></table><p class="totop"><a href="#summary">back to summary</a></p>
<h3 id="m12">Compare_product.NewTest#verifyHomePageLoadsCorrectly</h3><table class="result"><tr><th class="invisible"/></tr></table><p class="totop"><a href="#summary">back to summary</a></p>
<h3 id="m13">Compare_product_remove.NewTest#verifyHomePageLoadsCorrectly</h3><table class="result"><tr><th class="invisible"/></tr></table><p class="totop"><a href="#summary">back to summary</a></p>
<h3 id="m14">Creating_order.NewTest#f</h3><table class="result"><tr><th class="invisible"/></tr></table><p class="totop"><a href="#summary">back to summary</a></p>
<h3 id="m15">Filter_Options.NewTest#verifyHomePageLoadsCorrectly</h3><table class="result"><tr><th class="invisible"/></tr></table><p class="totop"><a href="#summary">back to summary</a></p>
<h3 id="m16">HOMEPAGE_LOAD.NewTest#verifyHomePageLoadsCorrectly</h3><table class="result"><tr><th class="invisible"/></tr></table><p class="totop"><a href="#summary">back to summary</a></p>
<h3 id="m17">Login.NewTest#f</h3><table class="result"><tr><th class="invisible"/></tr></table><p class="totop"><a href="#summary">back to summary</a></p>
<h3 id="m18">Product_page.NewTest#verifyProductDetailPageDisplays</h3><table class="result"><tr><th class="invisible"/></tr></table><p class="totop"><a href="#summary">back to summary</a></p>
<h3 id="m19">Remove_wishlist.NewTest#verifyHomePageLoadsCorrectly</h3><table class="result"><tr><th class="invisible"/></tr></table><p class="totop"><a href="#summary">back to summary</a></p>
<h3 id="m20">SearchFunctionality.SearchTest#verifySearchFunctionality</h3><table class="result"><tr><th class="invisible"/></tr></table><p class="totop"><a href="#summary">back to summary</a></p>
<h3 id="m21">Sort_price.NewTest#verifyHomePageLoadsCorrectly</h3><table class="result"><tr><th class="invisible"/></tr></table><p class="totop"><a href="#summary">back to summary</a></p>
<h3 id="m22">Verify_Hori_Vert.NewTest#verifyHomePageLoadsCorrectly</h3><table class="result"><tr><th class="invisible"/></tr></table><p class="totop"><a href="#summary">back to summary</a></p>
<h3 id="m23">Verify_forgetPass.NewTest#f</h3><table class="result"><tr><th class="invisible"/></tr></table><p class="totop"><a href="#summary">back to summary</a></p>
<h3 id="m24">Verifying_posters.NewTest#f</h3><table class="result"><tr><th class="invisible"/></tr></table><p class="totop"><a href="#summary">back to summary</a></p>
<h3 id="m25">WishList_function.NewTest#verifyHomePageLoadsCorrectly</h3><table class="result"><tr><th class="invisible"/></tr></table><p class="totop"><a href="#summary">back to summary</a></p>
</body>
</html>
