<?xml version="1.0" encoding="UTF-8"?>
<testng-results ignored="0" total="26" passed="20" failed="6" skipped="0">
  <reporter-output>
  </reporter-output>
  <suite started-at="2024-07-27T10:20:40 IST" name="Suite" finished-at="2024-07-27T10:27:03 IST" duration-ms="382972">
    <groups>
    </groups>
    <test started-at="2024-07-27T10:20:40 IST" name="Test" finished-at="2024-07-27T10:27:03 IST" duration-ms="382972">
      <class name="Creating_order.NewTest">
        <test-method is-config="true" signature="setup()[pri:0, instance:Creating_order.NewTest@74f0ea28]" started-at="2024-07-27T10:24:04 IST" name="setup" finished-at="2024-07-27T10:24:05 IST" duration-ms="941" status="PASS">
          <reporter-output>
          </reporter-output>
        </test-method> <!-- setup -->
        <test-method signature="f()[pri:0, instance:Creating_order.NewTest@74f0ea28]" started-at="2024-07-27T10:24:05 IST" name="f" finished-at="2024-07-27T10:24:37 IST" duration-ms="32004" status="PASS">
          <reporter-output>
          </reporter-output>
        </test-method> <!-- f -->
        <test-method is-config="true" signature="teardown()[pri:0, instance:Creating_order.NewTest@74f0ea28]" started-at="2024-07-27T10:24:37 IST" name="teardown" finished-at="2024-07-27T10:24:37 IST" duration-ms="191" status="PASS">
          <reporter-output>
          </reporter-output>
        </test-method> <!-- teardown -->
      </class> <!-- Creating_order.NewTest -->
      <class name="Register.NewTest">
        <test-method is-config="true" signature="setup()[pri:0, instance:Register.NewTest@9597028]" started-at="2024-07-27T10:20:40 IST" name="setup" finished-at="2024-07-27T10:20:41 IST" duration-ms="1220" status="PASS">
          <reporter-output>
          </reporter-output>
        </test-method> <!-- setup -->
        <test-method signature="verifyUserRegistration()[pri:0, instance:Register.NewTest@9597028]" started-at="2024-07-27T10:20:41 IST" name="verifyUserRegistration" finished-at="2024-07-27T10:20:48 IST" duration-ms="6925" status="FAIL">
          <exception class="java.lang.AssertionError">
            <message>
              <![CDATA[User registration failed.]]>
            </message>
            <full-stacktrace>
              <![CDATA[java.lang.AssertionError: User registration failed.
at Register.NewTest.verifyUserRegistration(NewTest.java:28)
at java.base/jdk.internal.reflect.DirectMethodHandleAccessor.invoke(DirectMethodHandleAccessor.java:103)
at java.base/java.lang.reflect.Method.invoke(Method.java:580)
at org.testng.internal.MethodInvocationHelper.invokeMethod(MethodInvocationHelper.java:133)
at org.testng.internal.TestInvoker.invokeMethod(TestInvoker.java:598)
at org.testng.internal.TestInvoker.invokeTestMethod(TestInvoker.java:173)
at org.testng.internal.MethodRunner.runInSequence(MethodRunner.java:46)
at org.testng.internal.TestInvoker$MethodInvocationAgent.invoke(TestInvoker.java:824)
at org.testng.internal.TestInvoker.invokeTestMethods(TestInvoker.java:146)
at org.testng.internal.TestMethodWorker.invokeTestMethods(TestMethodWorker.java:146)
at org.testng.internal.TestMethodWorker.run(TestMethodWorker.java:128)
at java.base/java.util.ArrayList.forEach(ArrayList.java:1597)
at org.testng.TestRunner.privateRun(TestRunner.java:794)
at org.testng.TestRunner.run(TestRunner.java:596)
at org.testng.SuiteRunner.runTest(SuiteRunner.java:377)
at org.testng.SuiteRunner.runSequentially(SuiteRunner.java:371)
at org.testng.SuiteRunner.privateRun(SuiteRunner.java:332)
at org.testng.SuiteRunner.run(SuiteRunner.java:276)
at org.testng.SuiteRunnerWorker.runSuite(SuiteRunnerWorker.java:53)
at org.testng.SuiteRunnerWorker.run(SuiteRunnerWorker.java:96)
at org.testng.TestNG.runSuitesSequentially(TestNG.java:1212)
at org.testng.TestNG.runSuitesLocally(TestNG.java:1134)
at org.testng.TestNG.runSuites(TestNG.java:1063)
at org.testng.TestNG.run(TestNG.java:1031)
at org.testng.remote.AbstractRemoteTestNG.run(AbstractRemoteTestNG.java:115)
at org.testng.remote.RemoteTestNG.initAndRun(RemoteTestNG.java:293)
at org.testng.remote.RemoteTestNG.main(RemoteTestNG.java:91)
]]>
            </full-stacktrace>
          </exception> <!-- java.lang.AssertionError -->
          <reporter-output>
          </reporter-output>
        </test-method> <!-- verifyUserRegistration -->
        <test-method is-config="true" signature="teardown()[pri:0, instance:Register.NewTest@9597028]" started-at="2024-07-27T10:20:48 IST" name="teardown" finished-at="2024-07-27T10:20:48 IST" duration-ms="137" status="PASS">
          <reporter-output>
          </reporter-output>
        </test-method> <!-- teardown -->
      </class> <!-- Register.NewTest -->
      <class name="Product_page.NewTest">
        <test-method is-config="true" signature="setup()[pri:0, instance:Product_page.NewTest@4f83df68]" started-at="2024-07-27T10:22:11 IST" name="setup" finished-at="2024-07-27T10:22:11 IST" duration-ms="864" status="PASS">
          <reporter-output>
          </reporter-output>
        </test-method> <!-- setup -->
        <test-method signature="verifyProductDetailPageDisplays()[pri:0, instance:Product_page.NewTest@4f83df68]" started-at="2024-07-27T10:22:11 IST" name="verifyProductDetailPageDisplays" finished-at="2024-07-27T10:22:19 IST" duration-ms="7113" status="PASS">
          <reporter-output>
          </reporter-output>
        </test-method> <!-- verifyProductDetailPageDisplays -->
        <test-method is-config="true" signature="teardown()[pri:0, instance:Product_page.NewTest@4f83df68]" started-at="2024-07-27T10:22:19 IST" name="teardown" finished-at="2024-07-27T10:22:19 IST" duration-ms="121" status="PASS">
          <reporter-output>
          </reporter-output>
        </test-method> <!-- teardown -->
      </class> <!-- Product_page.NewTest -->
      <class name="Address_Selection_Checkout.NewTest">
        <test-method is-config="true" signature="setup()[pri:0, instance:Address_Selection_Checkout.NewTest@2a3b5b47]" started-at="2024-07-27T10:26:29 IST" name="setup" finished-at="2024-07-27T10:26:30 IST" duration-ms="956" status="PASS">
          <reporter-output>
          </reporter-output>
        </test-method> <!-- setup -->
        <test-method signature="verifyHomePageLoadsCorrectly()[pri:0, instance:Address_Selection_Checkout.NewTest@2a3b5b47]" started-at="2024-07-27T10:26:30 IST" name="verifyHomePageLoadsCorrectly" finished-at="2024-07-27T10:26:56 IST" duration-ms="26409" status="PASS">
          <reporter-output>
          </reporter-output>
        </test-method> <!-- verifyHomePageLoadsCorrectly -->
        <test-method is-config="true" signature="teardown()[pri:0, instance:Address_Selection_Checkout.NewTest@2a3b5b47]" started-at="2024-07-27T10:26:56 IST" name="teardown" finished-at="2024-07-27T10:26:56 IST" duration-ms="158" status="PASS">
          <reporter-output>
          </reporter-output>
        </test-method> <!-- teardown -->
      </class> <!-- Address_Selection_Checkout.NewTest -->
      <class name="Verify_Hori_Vert.NewTest">
        <test-method is-config="true" signature="setup()[pri:0, instance:Verify_Hori_Vert.NewTest@409bf450]" started-at="2024-07-27T10:25:16 IST" name="setup" finished-at="2024-07-27T10:25:17 IST" duration-ms="845" status="PASS">
          <reporter-output>
          </reporter-output>
        </test-method> <!-- setup -->
        <test-method signature="verifyHomePageLoadsCorrectly()[pri:0, instance:Verify_Hori_Vert.NewTest@409bf450]" started-at="2024-07-27T10:25:17 IST" name="verifyHomePageLoadsCorrectly" finished-at="2024-07-27T10:25:25 IST" duration-ms="7860" status="PASS">
          <reporter-output>
          </reporter-output>
        </test-method> <!-- verifyHomePageLoadsCorrectly -->
        <test-method is-config="true" signature="teardown()[pri:0, instance:Verify_Hori_Vert.NewTest@409bf450]" started-at="2024-07-27T10:25:25 IST" name="teardown" finished-at="2024-07-27T10:25:25 IST" duration-ms="122" status="PASS">
          <reporter-output>
          </reporter-output>
        </test-method> <!-- teardown -->
      </class> <!-- Verify_Hori_Vert.NewTest -->
      <class name="Acc_update.NewTest">
        <test-method is-config="true" signature="setup()[pri:0, instance:Acc_update.NewTest@35e2d654]" started-at="2024-07-27T10:21:08 IST" name="setup" finished-at="2024-07-27T10:21:09 IST" duration-ms="740" status="PASS">
          <reporter-output>
          </reporter-output>
        </test-method> <!-- setup -->
        <test-method signature="verifyHomePageLoadsCorrectly()[pri:0, instance:Acc_update.NewTest@35e2d654]" started-at="2024-07-27T10:21:09 IST" name="verifyHomePageLoadsCorrectly" finished-at="2024-07-27T10:21:28 IST" duration-ms="19079" status="FAIL">
          <exception class="java.lang.AssertionError">
            <message>
              <![CDATA[Account details update failed. expected [true] but found [false]]]>
            </message>
            <full-stacktrace>
              <![CDATA[java.lang.AssertionError: Account details update failed. expected [true] but found [false]
at org.testng.Assert.fail(Assert.java:99)
at org.testng.Assert.failNotEquals(Assert.java:1037)
at org.testng.Assert.assertTrue(Assert.java:45)
at Acc_update.NewTest.verifyHomePageLoadsCorrectly(NewTest.java:36)
at java.base/jdk.internal.reflect.DirectMethodHandleAccessor.invoke(DirectMethodHandleAccessor.java:103)
at java.base/java.lang.reflect.Method.invoke(Method.java:580)
at org.testng.internal.MethodInvocationHelper.invokeMethod(MethodInvocationHelper.java:133)
at org.testng.internal.TestInvoker.invokeMethod(TestInvoker.java:598)
at org.testng.internal.TestInvoker.invokeTestMethod(TestInvoker.java:173)
at org.testng.internal.MethodRunner.runInSequence(MethodRunner.java:46)
at org.testng.internal.TestInvoker$MethodInvocationAgent.invoke(TestInvoker.java:824)
at org.testng.internal.TestInvoker.invokeTestMethods(TestInvoker.java:146)
at org.testng.internal.TestMethodWorker.invokeTestMethods(TestMethodWorker.java:146)
at org.testng.internal.TestMethodWorker.run(TestMethodWorker.java:128)
at java.base/java.util.ArrayList.forEach(ArrayList.java:1597)
at org.testng.TestRunner.privateRun(TestRunner.java:794)
at org.testng.TestRunner.run(TestRunner.java:596)
at org.testng.SuiteRunner.runTest(SuiteRunner.java:377)
at org.testng.SuiteRunner.runSequentially(SuiteRunner.java:371)
at org.testng.SuiteRunner.privateRun(SuiteRunner.java:332)
at org.testng.SuiteRunner.run(SuiteRunner.java:276)
at org.testng.SuiteRunnerWorker.runSuite(SuiteRunnerWorker.java:53)
at org.testng.SuiteRunnerWorker.run(SuiteRunnerWorker.java:96)
at org.testng.TestNG.runSuitesSequentially(TestNG.java:1212)
at org.testng.TestNG.runSuitesLocally(TestNG.java:1134)
at org.testng.TestNG.runSuites(TestNG.java:1063)
at org.testng.TestNG.run(TestNG.java:1031)
at org.testng.remote.AbstractRemoteTestNG.run(AbstractRemoteTestNG.java:115)
at org.testng.remote.RemoteTestNG.initAndRun(RemoteTestNG.java:293)
at org.testng.remote.RemoteTestNG.main(RemoteTestNG.java:91)
]]>
            </full-stacktrace>
          </exception> <!-- java.lang.AssertionError -->
          <reporter-output>
          </reporter-output>
        </test-method> <!-- verifyHomePageLoadsCorrectly -->
        <test-method is-config="true" signature="teardown()[pri:0, instance:Acc_update.NewTest@35e2d654]" started-at="2024-07-27T10:21:28 IST" name="teardown" finished-at="2024-07-27T10:21:28 IST" duration-ms="132" status="PASS">
          <reporter-output>
          </reporter-output>
        </test-method> <!-- teardown -->
      </class> <!-- Acc_update.NewTest -->
      <class name="Compare_product.NewTest">
        <test-method is-config="true" signature="setup()[pri:0, instance:Compare_product.NewTest@42a48628]" started-at="2024-07-27T10:22:56 IST" name="setup" finished-at="2024-07-27T10:22:57 IST" duration-ms="1192" status="PASS">
          <reporter-output>
          </reporter-output>
        </test-method> <!-- setup -->
        <test-method signature="verifyHomePageLoadsCorrectly()[pri:0, instance:Compare_product.NewTest@42a48628]" started-at="2024-07-27T10:22:57 IST" name="verifyHomePageLoadsCorrectly" finished-at="2024-07-27T10:23:11 IST" duration-ms="13913" status="PASS">
          <reporter-output>
          </reporter-output>
        </test-method> <!-- verifyHomePageLoadsCorrectly -->
        <test-method is-config="true" signature="teardown()[pri:0, instance:Compare_product.NewTest@42a48628]" started-at="2024-07-27T10:23:11 IST" name="teardown" finished-at="2024-07-27T10:23:12 IST" duration-ms="212" status="PASS">
          <reporter-output>
          </reporter-output>
        </test-method> <!-- teardown -->
      </class> <!-- Compare_product.NewTest -->
      <class name="Address.NewTest">
        <test-method is-config="true" signature="setup()[pri:0, instance:Address.NewTest@49e53c76]" started-at="2024-07-27T10:25:39 IST" name="setup" finished-at="2024-07-27T10:25:40 IST" duration-ms="892" status="PASS">
          <reporter-output>
          </reporter-output>
        </test-method> <!-- setup -->
        <test-method signature="verifyHomePageLoadsCorrectly()[pri:0, instance:Address.NewTest@49e53c76]" started-at="2024-07-27T10:25:40 IST" name="verifyHomePageLoadsCorrectly" finished-at="2024-07-27T10:26:00 IST" duration-ms="20702" status="PASS">
          <reporter-output>
          </reporter-output>
        </test-method> <!-- verifyHomePageLoadsCorrectly -->
        <test-method is-config="true" signature="teardown()[pri:0, instance:Address.NewTest@49e53c76]" started-at="2024-07-27T10:26:00 IST" name="teardown" finished-at="2024-07-27T10:26:01 IST" duration-ms="157" status="PASS">
          <reporter-output>
          </reporter-output>
        </test-method> <!-- teardown -->
      </class> <!-- Address.NewTest -->
      <class name="Category.CategoryTest">
        <test-method is-config="true" signature="setup()[pri:0, instance:Category.CategoryTest@747ddf94]" started-at="2024-07-27T10:21:02 IST" name="setup" finished-at="2024-07-27T10:21:03 IST" duration-ms="809" status="PASS">
          <reporter-output>
          </reporter-output>
        </test-method> <!-- setup -->
        <test-method signature="verifyProductCategoriesAccessible()[pri:0, instance:Category.CategoryTest@747ddf94]" started-at="2024-07-27T10:21:03 IST" name="verifyProductCategoriesAccessible" finished-at="2024-07-27T10:21:08 IST" duration-ms="5246" status="PASS">
          <reporter-output>
          </reporter-output>
        </test-method> <!-- verifyProductCategoriesAccessible -->
        <test-method is-config="true" signature="teardown()[pri:0, instance:Category.CategoryTest@747ddf94]" started-at="2024-07-27T10:21:08 IST" name="teardown" finished-at="2024-07-27T10:21:08 IST" duration-ms="155" status="PASS">
          <reporter-output>
          </reporter-output>
        </test-method> <!-- teardown -->
      </class> <!-- Category.CategoryTest -->
      <class name="Remove_wishlist.NewTest">
        <test-method is-config="true" signature="setup()[pri:0, instance:Remove_wishlist.NewTest@38d8f54a]" started-at="2024-07-27T10:25:25 IST" name="setup" finished-at="2024-07-27T10:25:26 IST" duration-ms="833" status="PASS">
          <reporter-output>
          </reporter-output>
        </test-method> <!-- setup -->
        <test-method signature="verifyHomePageLoadsCorrectly()[pri:0, instance:Remove_wishlist.NewTest@38d8f54a]" started-at="2024-07-27T10:25:26 IST" name="verifyHomePageLoadsCorrectly" finished-at="2024-07-27T10:25:39 IST" duration-ms="12667" status="PASS">
          <reporter-output>
          </reporter-output>
        </test-method> <!-- verifyHomePageLoadsCorrectly -->
        <test-method is-config="true" signature="teardown()[pri:0, instance:Remove_wishlist.NewTest@38d8f54a]" started-at="2024-07-27T10:25:39 IST" name="teardown" finished-at="2024-07-27T10:25:39 IST" duration-ms="113" status="PASS">
          <reporter-output>
          </reporter-output>
        </test-method> <!-- teardown -->
      </class> <!-- Remove_wishlist.NewTest -->
      <class name="AddingProduct_re.NewTest">
        <test-method is-config="true" signature="setup()[pri:0, instance:AddingProduct_re.NewTest@130d63be]" started-at="2024-07-27T10:22:37 IST" name="setup" finished-at="2024-07-27T10:22:38 IST" duration-ms="798" status="PASS">
          <reporter-output>
          </reporter-output>
        </test-method> <!-- setup -->
        <test-method signature="verifyHomePageLoadsCorrectly()[pri:0, instance:AddingProduct_re.NewTest@130d63be]" started-at="2024-07-27T10:22:38 IST" name="verifyHomePageLoadsCorrectly" finished-at="2024-07-27T10:22:56 IST" duration-ms="18467" status="PASS">
          <reporter-output>
          </reporter-output>
        </test-method> <!-- verifyHomePageLoadsCorrectly -->
        <test-method is-config="true" signature="teardown()[pri:0, instance:AddingProduct_re.NewTest@130d63be]" started-at="2024-07-27T10:22:56 IST" name="teardown" finished-at="2024-07-27T10:22:56 IST" duration-ms="138" status="PASS">
          <reporter-output>
          </reporter-output>
        </test-method> <!-- teardown -->
      </class> <!-- AddingProduct_re.NewTest -->
      <class name="Verify_Shiping.NewTest">
        <test-method is-config="true" signature="setup()[pri:0, instance:Verify_Shiping.NewTest@351d00c0]" started-at="2024-07-27T10:26:01 IST" name="setup" finished-at="2024-07-27T10:26:02 IST" duration-ms="945" status="PASS">
          <reporter-output>
          </reporter-output>
        </test-method> <!-- setup -->
        <test-method signature="verifyHomePageLoadsCorrectly()[pri:0, instance:Verify_Shiping.NewTest@351d00c0]" started-at="2024-07-27T10:26:02 IST" name="verifyHomePageLoadsCorrectly" finished-at="2024-07-27T10:26:29 IST" duration-ms="27003" status="FAIL">
          <exception class="org.openqa.selenium.NoSuchElementException">
            <message>
              <![CDATA[no such element: Unable to locate element: {"method":"xpath","selector":"//input[@name='ko_unique_2']"}
  (Session info: chrome=126.0.6478.185)
For documentation on this error, please visit: https://www.selenium.dev/documentation/webdriver/troubleshooting/errors#no-such-element-exception
Build info: version: '4.22.0', revision: 'c5f3146703*'
System info: os.name: 'Windows 11', os.arch: 'amd64', os.version: '10.0', java.version: '22.0.1'
Driver info: org.openqa.selenium.chrome.ChromeDriver
Command: [b5968c6f43a34b4a1943565674572948, findElement {value=//input[@name='ko_unique_2'], using=xpath}]
Capabilities {acceptInsecureCerts: false, browserName: chrome, browserVersion: 126.0.6478.185, chrome: {chromedriverVersion: 126.0.6478.182 (5b5d8292ddf..., userDataDir: C:\Users\ASUS\AppData\Local...}, fedcm:accounts: true, goog:chromeOptions: {debuggerAddress: localhost:60266}, networkConnectionEnabled: false, pageLoadStrategy: normal, platformName: windows, proxy: Proxy(), se:cdp: ws://localhost:60266/devtoo..., se:cdpVersion: 126.0.6478.185, setWindowRect: true, strictFileInteractability: false, timeouts: {implicit: 0, pageLoad: 300000, script: 30000}, unhandledPromptBehavior: dismiss and notify, webauthn:extension:credBlob: true, webauthn:extension:largeBlob: true, webauthn:extension:minPinLength: true, webauthn:extension:prf: true, webauthn:virtualAuthenticators: true}
Session ID: b5968c6f43a34b4a1943565674572948]]>
            </message>
            <full-stacktrace>
              <![CDATA[org.openqa.selenium.NoSuchElementException: no such element: Unable to locate element: {"method":"xpath","selector":"//input[@name='ko_unique_2']"}
  (Session info: chrome=126.0.6478.185)
For documentation on this error, please visit: https://www.selenium.dev/documentation/webdriver/troubleshooting/errors#no-such-element-exception
Build info: version: '4.22.0', revision: 'c5f3146703*'
System info: os.name: 'Windows 11', os.arch: 'amd64', os.version: '10.0', java.version: '22.0.1'
Driver info: org.openqa.selenium.chrome.ChromeDriver
Command: [b5968c6f43a34b4a1943565674572948, findElement {value=//input[@name='ko_unique_2'], using=xpath}]
Capabilities {acceptInsecureCerts: false, browserName: chrome, browserVersion: 126.0.6478.185, chrome: {chromedriverVersion: 126.0.6478.182 (5b5d8292ddf..., userDataDir: C:\Users\ASUS\AppData\Local...}, fedcm:accounts: true, goog:chromeOptions: {debuggerAddress: localhost:60266}, networkConnectionEnabled: false, pageLoadStrategy: normal, platformName: windows, proxy: Proxy(), se:cdp: ws://localhost:60266/devtoo..., se:cdpVersion: 126.0.6478.185, setWindowRect: true, strictFileInteractability: false, timeouts: {implicit: 0, pageLoad: 300000, script: 30000}, unhandledPromptBehavior: dismiss and notify, webauthn:extension:credBlob: true, webauthn:extension:largeBlob: true, webauthn:extension:minPinLength: true, webauthn:extension:prf: true, webauthn:virtualAuthenticators: true}
Session ID: b5968c6f43a34b4a1943565674572948
at java.base/jdk.internal.reflect.DirectConstructorHandleAccessor.newInstance(DirectConstructorHandleAccessor.java:62)
at java.base/java.lang.reflect.Constructor.newInstanceWithCaller(Constructor.java:502)
at java.base/java.lang.reflect.Constructor.newInstance(Constructor.java:486)
at org.openqa.selenium.remote.ErrorCodec.decode(ErrorCodec.java:167)
at org.openqa.selenium.remote.codec.w3c.W3CHttpResponseCodec.decode(W3CHttpResponseCodec.java:138)
at org.openqa.selenium.remote.codec.w3c.W3CHttpResponseCodec.decode(W3CHttpResponseCodec.java:50)
at org.openqa.selenium.remote.HttpCommandExecutor.execute(HttpCommandExecutor.java:190)
at org.openqa.selenium.remote.service.DriverCommandExecutor.invokeExecute(DriverCommandExecutor.java:216)
at org.openqa.selenium.remote.service.DriverCommandExecutor.execute(DriverCommandExecutor.java:174)
at org.openqa.selenium.remote.RemoteWebDriver.execute(RemoteWebDriver.java:518)
at org.openqa.selenium.remote.ElementLocation$ElementFinder$2.findElement(ElementLocation.java:165)
at org.openqa.selenium.remote.ElementLocation.findElement(ElementLocation.java:59)
at org.openqa.selenium.remote.RemoteWebDriver.findElement(RemoteWebDriver.java:355)
at org.openqa.selenium.remote.RemoteWebDriver.findElement(RemoteWebDriver.java:349)
at Verify_Shiping.NewTest.verifyHomePageLoadsCorrectly(NewTest.java:43)
at java.base/jdk.internal.reflect.DirectMethodHandleAccessor.invoke(DirectMethodHandleAccessor.java:103)
at java.base/java.lang.reflect.Method.invoke(Method.java:580)
at org.testng.internal.MethodInvocationHelper.invokeMethod(MethodInvocationHelper.java:133)
at org.testng.internal.TestInvoker.invokeMethod(TestInvoker.java:598)
at org.testng.internal.TestInvoker.invokeTestMethod(TestInvoker.java:173)
at org.testng.internal.MethodRunner.runInSequence(MethodRunner.java:46)
at org.testng.internal.TestInvoker$MethodInvocationAgent.invoke(TestInvoker.java:824)
at org.testng.internal.TestInvoker.invokeTestMethods(TestInvoker.java:146)
at org.testng.internal.TestMethodWorker.invokeTestMethods(TestMethodWorker.java:146)
at org.testng.internal.TestMethodWorker.run(TestMethodWorker.java:128)
at java.base/java.util.ArrayList.forEach(ArrayList.java:1597)
at org.testng.TestRunner.privateRun(TestRunner.java:794)
at org.testng.TestRunner.run(TestRunner.java:596)
at org.testng.SuiteRunner.runTest(SuiteRunner.java:377)
at org.testng.SuiteRunner.runSequentially(SuiteRunner.java:371)
at org.testng.SuiteRunner.privateRun(SuiteRunner.java:332)
at org.testng.SuiteRunner.run(SuiteRunner.java:276)
at org.testng.SuiteRunnerWorker.runSuite(SuiteRunnerWorker.java:53)
at org.testng.SuiteRunnerWorker.run(SuiteRunnerWorker.java:96)
at org.testng.TestNG.runSuitesSequentially(TestNG.java:1212)
at org.testng.TestNG.runSuitesLocally(TestNG.java:1134)
at org.testng.TestNG.runSuites(TestNG.java:1063)
at org.testng.TestNG.run(TestNG.java:1031)
at org.testng.remote.AbstractRemoteTestNG.run(AbstractRemoteTestNG.java:115)
at org.testng.remote.RemoteTestNG.initAndRun(RemoteTestNG.java:293)
at org.testng.remote.RemoteTestNG.main(RemoteTestNG.java:91)
]]>
            </full-stacktrace>
          </exception> <!-- org.openqa.selenium.NoSuchElementException -->
          <reporter-output>
          </reporter-output>
        </test-method> <!-- verifyHomePageLoadsCorrectly -->
        <test-method is-config="true" signature="teardown()[pri:0, instance:Verify_Shiping.NewTest@351d00c0]" started-at="2024-07-27T10:26:29 IST" name="teardown" finished-at="2024-07-27T10:26:29 IST" duration-ms="148" status="PASS">
          <reporter-output>
          </reporter-output>
        </test-method> <!-- teardown -->
      </class> <!-- Verify_Shiping.NewTest -->
      <class name="Sort_price.NewTest">
        <test-method is-config="true" signature="setup()[pri:0, instance:Sort_price.NewTest@3349e9bb]" started-at="2024-07-27T10:25:06 IST" name="setup" finished-at="2024-07-27T10:25:06 IST" duration-ms="826" status="PASS">
          <reporter-output>
          </reporter-output>
        </test-method> <!-- setup -->
        <test-method signature="verifyHomePageLoadsCorrectly()[pri:0, instance:Sort_price.NewTest@3349e9bb]" started-at="2024-07-27T10:25:06 IST" name="verifyHomePageLoadsCorrectly" finished-at="2024-07-27T10:25:16 IST" duration-ms="9835" status="PASS">
          <reporter-output>
          </reporter-output>
        </test-method> <!-- verifyHomePageLoadsCorrectly -->
        <test-method is-config="true" signature="teardown()[pri:0, instance:Sort_price.NewTest@3349e9bb]" started-at="2024-07-27T10:25:16 IST" name="teardown" finished-at="2024-07-27T10:25:16 IST" duration-ms="125" status="PASS">
          <reporter-output>
          </reporter-output>
        </test-method> <!-- teardown -->
      </class> <!-- Sort_price.NewTest -->
      <class name="WishList_function.NewTest">
        <test-method is-config="true" signature="setup()[pri:0, instance:WishList_function.NewTest@6aeb35e6]" started-at="2024-07-27T10:23:32 IST" name="setup" finished-at="2024-07-27T10:23:32 IST" duration-ms="852" status="PASS">
          <reporter-output>
          </reporter-output>
        </test-method> <!-- setup -->
        <test-method signature="verifyHomePageLoadsCorrectly()[pri:0, instance:WishList_function.NewTest@6aeb35e6]" started-at="2024-07-27T10:23:32 IST" name="verifyHomePageLoadsCorrectly" finished-at="2024-07-27T10:23:44 IST" duration-ms="11790" status="PASS">
          <reporter-output>
          </reporter-output>
        </test-method> <!-- verifyHomePageLoadsCorrectly -->
        <test-method is-config="true" signature="teardown()[pri:0, instance:WishList_function.NewTest@6aeb35e6]" started-at="2024-07-27T10:23:44 IST" name="teardown" finished-at="2024-07-27T10:23:44 IST" duration-ms="123" status="PASS">
          <reporter-output>
          </reporter-output>
        </test-method> <!-- teardown -->
      </class> <!-- WishList_function.NewTest -->
      <class name="OrderHistory.NewTest">
        <test-method is-config="true" signature="setup()[pri:0, instance:OrderHistory.NewTest@1283bb96]" started-at="2024-07-27T10:23:44 IST" name="setup" finished-at="2024-07-27T10:23:45 IST" duration-ms="875" status="PASS">
          <reporter-output>
          </reporter-output>
        </test-method> <!-- setup -->
        <test-method signature="verifyHomePageLoadsCorrectly()[pri:0, instance:OrderHistory.NewTest@1283bb96]" started-at="2024-07-27T10:23:45 IST" name="verifyHomePageLoadsCorrectly" finished-at="2024-07-27T10:24:03 IST" duration-ms="18316" status="FAIL">
          <exception class="org.openqa.selenium.NoSuchElementException">
            <message>
              <![CDATA[no such element: Unable to locate element: {"method":"xpath","selector":"//div[@aria-hidden='false']//a[normalize-space()='My Account']"}
  (Session info: chrome=126.0.6478.185)
For documentation on this error, please visit: https://www.selenium.dev/documentation/webdriver/troubleshooting/errors#no-such-element-exception
Build info: version: '4.22.0', revision: 'c5f3146703*'
System info: os.name: 'Windows 11', os.arch: 'amd64', os.version: '10.0', java.version: '22.0.1'
Driver info: org.openqa.selenium.chrome.ChromeDriver
Command: [bcc02d1c4f22aef311a09c0d766d47f3, findElement {value=//div[@aria-hidden='false']//a[normalize-space()='My Account'], using=xpath}]
Capabilities {acceptInsecureCerts: false, browserName: chrome, browserVersion: 126.0.6478.185, chrome: {chromedriverVersion: 126.0.6478.182 (5b5d8292ddf..., userDataDir: C:\Users\ASUS\AppData\Local...}, fedcm:accounts: true, goog:chromeOptions: {debuggerAddress: localhost:60037}, networkConnectionEnabled: false, pageLoadStrategy: normal, platformName: windows, proxy: Proxy(), se:cdp: ws://localhost:60037/devtoo..., se:cdpVersion: 126.0.6478.185, setWindowRect: true, strictFileInteractability: false, timeouts: {implicit: 0, pageLoad: 300000, script: 30000}, unhandledPromptBehavior: dismiss and notify, webauthn:extension:credBlob: true, webauthn:extension:largeBlob: true, webauthn:extension:minPinLength: true, webauthn:extension:prf: true, webauthn:virtualAuthenticators: true}
Session ID: bcc02d1c4f22aef311a09c0d766d47f3]]>
            </message>
            <full-stacktrace>
              <![CDATA[org.openqa.selenium.NoSuchElementException: no such element: Unable to locate element: {"method":"xpath","selector":"//div[@aria-hidden='false']//a[normalize-space()='My Account']"}
  (Session info: chrome=126.0.6478.185)
For documentation on this error, please visit: https://www.selenium.dev/documentation/webdriver/troubleshooting/errors#no-such-element-exception
Build info: version: '4.22.0', revision: 'c5f3146703*'
System info: os.name: 'Windows 11', os.arch: 'amd64', os.version: '10.0', java.version: '22.0.1'
Driver info: org.openqa.selenium.chrome.ChromeDriver
Command: [bcc02d1c4f22aef311a09c0d766d47f3, findElement {value=//div[@aria-hidden='false']//a[normalize-space()='My Account'], using=xpath}]
Capabilities {acceptInsecureCerts: false, browserName: chrome, browserVersion: 126.0.6478.185, chrome: {chromedriverVersion: 126.0.6478.182 (5b5d8292ddf..., userDataDir: C:\Users\ASUS\AppData\Local...}, fedcm:accounts: true, goog:chromeOptions: {debuggerAddress: localhost:60037}, networkConnectionEnabled: false, pageLoadStrategy: normal, platformName: windows, proxy: Proxy(), se:cdp: ws://localhost:60037/devtoo..., se:cdpVersion: 126.0.6478.185, setWindowRect: true, strictFileInteractability: false, timeouts: {implicit: 0, pageLoad: 300000, script: 30000}, unhandledPromptBehavior: dismiss and notify, webauthn:extension:credBlob: true, webauthn:extension:largeBlob: true, webauthn:extension:minPinLength: true, webauthn:extension:prf: true, webauthn:virtualAuthenticators: true}
Session ID: bcc02d1c4f22aef311a09c0d766d47f3
at java.base/jdk.internal.reflect.DirectConstructorHandleAccessor.newInstance(DirectConstructorHandleAccessor.java:62)
at java.base/java.lang.reflect.Constructor.newInstanceWithCaller(Constructor.java:502)
at java.base/java.lang.reflect.Constructor.newInstance(Constructor.java:486)
at org.openqa.selenium.remote.ErrorCodec.decode(ErrorCodec.java:167)
at org.openqa.selenium.remote.codec.w3c.W3CHttpResponseCodec.decode(W3CHttpResponseCodec.java:138)
at org.openqa.selenium.remote.codec.w3c.W3CHttpResponseCodec.decode(W3CHttpResponseCodec.java:50)
at org.openqa.selenium.remote.HttpCommandExecutor.execute(HttpCommandExecutor.java:190)
at org.openqa.selenium.remote.service.DriverCommandExecutor.invokeExecute(DriverCommandExecutor.java:216)
at org.openqa.selenium.remote.service.DriverCommandExecutor.execute(DriverCommandExecutor.java:174)
at org.openqa.selenium.remote.RemoteWebDriver.execute(RemoteWebDriver.java:518)
at org.openqa.selenium.remote.ElementLocation$ElementFinder$2.findElement(ElementLocation.java:165)
at org.openqa.selenium.remote.ElementLocation.findElement(ElementLocation.java:59)
at org.openqa.selenium.remote.RemoteWebDriver.findElement(RemoteWebDriver.java:355)
at org.openqa.selenium.remote.RemoteWebDriver.findElement(RemoteWebDriver.java:349)
at OrderHistory.NewTest.verifyHomePageLoadsCorrectly(NewTest.java:31)
at java.base/jdk.internal.reflect.DirectMethodHandleAccessor.invoke(DirectMethodHandleAccessor.java:103)
at java.base/java.lang.reflect.Method.invoke(Method.java:580)
at org.testng.internal.MethodInvocationHelper.invokeMethod(MethodInvocationHelper.java:133)
at org.testng.internal.TestInvoker.invokeMethod(TestInvoker.java:598)
at org.testng.internal.TestInvoker.invokeTestMethod(TestInvoker.java:173)
at org.testng.internal.MethodRunner.runInSequence(MethodRunner.java:46)
at org.testng.internal.TestInvoker$MethodInvocationAgent.invoke(TestInvoker.java:824)
at org.testng.internal.TestInvoker.invokeTestMethods(TestInvoker.java:146)
at org.testng.internal.TestMethodWorker.invokeTestMethods(TestMethodWorker.java:146)
at org.testng.internal.TestMethodWorker.run(TestMethodWorker.java:128)
at java.base/java.util.ArrayList.forEach(ArrayList.java:1597)
at org.testng.TestRunner.privateRun(TestRunner.java:794)
at org.testng.TestRunner.run(TestRunner.java:596)
at org.testng.SuiteRunner.runTest(SuiteRunner.java:377)
at org.testng.SuiteRunner.runSequentially(SuiteRunner.java:371)
at org.testng.SuiteRunner.privateRun(SuiteRunner.java:332)
at org.testng.SuiteRunner.run(SuiteRunner.java:276)
at org.testng.SuiteRunnerWorker.runSuite(SuiteRunnerWorker.java:53)
at org.testng.SuiteRunnerWorker.run(SuiteRunnerWorker.java:96)
at org.testng.TestNG.runSuitesSequentially(TestNG.java:1212)
at org.testng.TestNG.runSuitesLocally(TestNG.java:1134)
at org.testng.TestNG.runSuites(TestNG.java:1063)
at org.testng.TestNG.run(TestNG.java:1031)
at org.testng.remote.AbstractRemoteTestNG.run(AbstractRemoteTestNG.java:115)
at org.testng.remote.RemoteTestNG.initAndRun(RemoteTestNG.java:293)
at org.testng.remote.RemoteTestNG.main(RemoteTestNG.java:91)
]]>
            </full-stacktrace>
          </exception> <!-- org.openqa.selenium.NoSuchElementException -->
          <reporter-output>
          </reporter-output>
        </test-method> <!-- verifyHomePageLoadsCorrectly -->
        <test-method is-config="true" signature="teardown()[pri:0, instance:OrderHistory.NewTest@1283bb96]" started-at="2024-07-27T10:24:03 IST" name="teardown" finished-at="2024-07-27T10:24:04 IST" duration-ms="254" status="PASS">
          <reporter-output>
          </reporter-output>
        </test-method> <!-- teardown -->
      </class> <!-- OrderHistory.NewTest -->
      <class name="Verifying_posters.NewTest">
        <test-method is-config="true" signature="setup()[pri:0, instance:Verifying_posters.NewTest@55b699ef]" started-at="2024-07-27T10:26:56 IST" name="setup" finished-at="2024-07-27T10:26:57 IST" duration-ms="777" status="PASS">
          <reporter-output>
          </reporter-output>
        </test-method> <!-- setup -->
        <test-method signature="f()[pri:0, instance:Verifying_posters.NewTest@55b699ef]" started-at="2024-07-27T10:26:57 IST" name="f" finished-at="2024-07-27T10:27:03 IST" duration-ms="6038" status="PASS">
          <reporter-output>
          </reporter-output>
        </test-method> <!-- f -->
        <test-method is-config="true" signature="teardown()[pri:0, instance:Verifying_posters.NewTest@55b699ef]" started-at="2024-07-27T10:27:03 IST" name="teardown" finished-at="2024-07-27T10:27:03 IST" duration-ms="122" status="PASS">
          <reporter-output>
          </reporter-output>
        </test-method> <!-- teardown -->
      </class> <!-- Verifying_posters.NewTest -->
      <class name="Login.NewTest">
        <test-method is-config="true" signature="setup()[pri:0, instance:Login.NewTest@5b8dfcc1]" started-at="2024-07-27T10:20:48 IST" name="setup" finished-at="2024-07-27T10:20:49 IST" duration-ms="800" status="PASS">
          <reporter-output>
          </reporter-output>
        </test-method> <!-- setup -->
        <test-method signature="f()[pri:0, instance:Login.NewTest@5b8dfcc1]" started-at="2024-07-27T10:20:49 IST" name="f" finished-at="2024-07-27T10:20:56 IST" duration-ms="6932" status="PASS">
          <reporter-output>
          </reporter-output>
        </test-method> <!-- f -->
        <test-method is-config="true" signature="teardown()[pri:0, instance:Login.NewTest@5b8dfcc1]" started-at="2024-07-27T10:20:56 IST" name="teardown" finished-at="2024-07-27T10:20:56 IST" duration-ms="130" status="PASS">
          <reporter-output>
          </reporter-output>
        </test-method> <!-- teardown -->
      </class> <!-- Login.NewTest -->
      <class name="Filter_Options.NewTest">
        <test-method is-config="true" signature="setup()[pri:0, instance:Filter_Options.NewTest@3c19aaa5]" started-at="2024-07-27T10:24:56 IST" name="setup" finished-at="2024-07-27T10:24:58 IST" duration-ms="1412" status="PASS">
          <reporter-output>
          </reporter-output>
        </test-method> <!-- setup -->
        <test-method signature="verifyHomePageLoadsCorrectly()[pri:0, instance:Filter_Options.NewTest@3c19aaa5]" started-at="2024-07-27T10:24:58 IST" name="verifyHomePageLoadsCorrectly" finished-at="2024-07-27T10:25:05 IST" duration-ms="7689" status="PASS">
          <reporter-output>
          </reporter-output>
        </test-method> <!-- verifyHomePageLoadsCorrectly -->
        <test-method is-config="true" signature="teardown()[pri:0, instance:Filter_Options.NewTest@3c19aaa5]" started-at="2024-07-27T10:25:05 IST" name="teardown" finished-at="2024-07-27T10:25:06 IST" duration-ms="225" status="PASS">
          <reporter-output>
          </reporter-output>
        </test-method> <!-- teardown -->
      </class> <!-- Filter_Options.NewTest -->
      <class name="Verify_forgetPass.NewTest">
        <test-method is-config="true" signature="setup()[pri:0, instance:Verify_forgetPass.NewTest@7d8995e]" started-at="2024-07-27T10:22:26 IST" name="setup" finished-at="2024-07-27T10:22:26 IST" duration-ms="815" status="PASS">
          <reporter-output>
          </reporter-output>
        </test-method> <!-- setup -->
        <test-method signature="f()[pri:0, instance:Verify_forgetPass.NewTest@7d8995e]" started-at="2024-07-27T10:22:26 IST" name="f" finished-at="2024-07-27T10:22:37 IST" duration-ms="10267" status="PASS">
          <reporter-output>
          </reporter-output>
        </test-method> <!-- f -->
        <test-method is-config="true" signature="teardown()[pri:0, instance:Verify_forgetPass.NewTest@7d8995e]" started-at="2024-07-27T10:22:37 IST" name="teardown" finished-at="2024-07-27T10:22:37 IST" duration-ms="124" status="PASS">
          <reporter-output>
          </reporter-output>
        </test-method> <!-- teardown -->
      </class> <!-- Verify_forgetPass.NewTest -->
      <class name="HOMEPAGE_LOAD.NewTest">
        <test-method is-config="true" signature="setup()[pri:0, instance:HOMEPAGE_LOAD.NewTest@2f9f7dcf]" started-at="2024-07-27T10:20:56 IST" name="setup" finished-at="2024-07-27T10:20:57 IST" duration-ms="842" status="PASS">
          <reporter-output>
          </reporter-output>
        </test-method> <!-- setup -->
        <test-method signature="verifyHomePageLoadsCorrectly()[pri:0, instance:HOMEPAGE_LOAD.NewTest@2f9f7dcf]" started-at="2024-07-27T10:20:57 IST" name="verifyHomePageLoadsCorrectly" finished-at="2024-07-27T10:21:02 IST" duration-ms="4657" status="PASS">
          <reporter-output>
          </reporter-output>
        </test-method> <!-- verifyHomePageLoadsCorrectly -->
        <test-method is-config="true" signature="teardown()[pri:0, instance:HOMEPAGE_LOAD.NewTest@2f9f7dcf]" started-at="2024-07-27T10:21:02 IST" name="teardown" finished-at="2024-07-27T10:21:02 IST" duration-ms="207" status="PASS">
          <reporter-output>
          </reporter-output>
        </test-method> <!-- teardown -->
      </class> <!-- HOMEPAGE_LOAD.NewTest -->
      <class name="Add_to_Cart.NewTest">
        <test-method is-config="true" signature="setup()[pri:0, instance:Add_to_Cart.NewTest@1bd4fdd]" started-at="2024-07-27T10:21:28 IST" name="setup" finished-at="2024-07-27T10:21:29 IST" duration-ms="736" status="PASS">
          <reporter-output>
          </reporter-output>
        </test-method> <!-- setup -->
        <test-method signature="login()[pri:1, instance:Add_to_Cart.NewTest@1bd4fdd]" started-at="2024-07-27T10:21:29 IST" name="login" finished-at="2024-07-27T10:21:39 IST" duration-ms="9722" status="PASS">
          <reporter-output>
          </reporter-output>
        </test-method> <!-- login -->
        <test-method signature="verifyAddToCart()[pri:2, instance:Add_to_Cart.NewTest@1bd4fdd]" started-at="2024-07-27T10:21:39 IST" name="verifyAddToCart" finished-at="2024-07-27T10:21:46 IST" duration-ms="7658" status="PASS">
          <reporter-output>
          </reporter-output>
        </test-method> <!-- verifyAddToCart -->
        <test-method is-config="true" signature="teardown()[pri:0, instance:Add_to_Cart.NewTest@1bd4fdd]" started-at="2024-07-27T10:21:46 IST" name="teardown" finished-at="2024-07-27T10:21:46 IST" duration-ms="162" status="PASS">
          <reporter-output>
          </reporter-output>
        </test-method> <!-- teardown -->
      </class> <!-- Add_to_Cart.NewTest -->
      <class name="PasswordReset.NewTest">
        <test-method is-config="true" signature="setup()[pri:0, instance:PasswordReset.NewTest@55183b20]" started-at="2024-07-27T10:21:46 IST" name="setup" finished-at="2024-07-27T10:21:47 IST" duration-ms="786" status="PASS">
          <reporter-output>
          </reporter-output>
        </test-method> <!-- setup -->
        <test-method signature="f()[pri:0, instance:PasswordReset.NewTest@55183b20]" started-at="2024-07-27T10:21:47 IST" name="f" finished-at="2024-07-27T10:22:10 IST" duration-ms="23024" status="FAIL">
          <exception class="org.openqa.selenium.NoSuchElementException">
            <message>
              <![CDATA[no such element: Unable to locate element: {"method":"xpath","selector":"//div[@class='panel header']//button[@type='button']"}
  (Session info: chrome=126.0.6478.185)
For documentation on this error, please visit: https://www.selenium.dev/documentation/webdriver/troubleshooting/errors#no-such-element-exception
Build info: version: '4.22.0', revision: 'c5f3146703*'
System info: os.name: 'Windows 11', os.arch: 'amd64', os.version: '10.0', java.version: '22.0.1'
Driver info: org.openqa.selenium.chrome.ChromeDriver
Command: [d2675559aaeaf4a3d8e40a8b3d977bee, findElement {value=//div[@class='panel header']//button[@type='button'], using=xpath}]
Capabilities {acceptInsecureCerts: false, browserName: chrome, browserVersion: 126.0.6478.185, chrome: {chromedriverVersion: 126.0.6478.182 (5b5d8292ddf..., userDataDir: C:\Users\ASUS\AppData\Local...}, fedcm:accounts: true, goog:chromeOptions: {debuggerAddress: localhost:59809}, networkConnectionEnabled: false, pageLoadStrategy: normal, platformName: windows, proxy: Proxy(), se:cdp: ws://localhost:59809/devtoo..., se:cdpVersion: 126.0.6478.185, setWindowRect: true, strictFileInteractability: false, timeouts: {implicit: 0, pageLoad: 300000, script: 30000}, unhandledPromptBehavior: dismiss and notify, webauthn:extension:credBlob: true, webauthn:extension:largeBlob: true, webauthn:extension:minPinLength: true, webauthn:extension:prf: true, webauthn:virtualAuthenticators: true}
Session ID: d2675559aaeaf4a3d8e40a8b3d977bee]]>
            </message>
            <full-stacktrace>
              <![CDATA[org.openqa.selenium.NoSuchElementException: no such element: Unable to locate element: {"method":"xpath","selector":"//div[@class='panel header']//button[@type='button']"}
  (Session info: chrome=126.0.6478.185)
For documentation on this error, please visit: https://www.selenium.dev/documentation/webdriver/troubleshooting/errors#no-such-element-exception
Build info: version: '4.22.0', revision: 'c5f3146703*'
System info: os.name: 'Windows 11', os.arch: 'amd64', os.version: '10.0', java.version: '22.0.1'
Driver info: org.openqa.selenium.chrome.ChromeDriver
Command: [d2675559aaeaf4a3d8e40a8b3d977bee, findElement {value=//div[@class='panel header']//button[@type='button'], using=xpath}]
Capabilities {acceptInsecureCerts: false, browserName: chrome, browserVersion: 126.0.6478.185, chrome: {chromedriverVersion: 126.0.6478.182 (5b5d8292ddf..., userDataDir: C:\Users\ASUS\AppData\Local...}, fedcm:accounts: true, goog:chromeOptions: {debuggerAddress: localhost:59809}, networkConnectionEnabled: false, pageLoadStrategy: normal, platformName: windows, proxy: Proxy(), se:cdp: ws://localhost:59809/devtoo..., se:cdpVersion: 126.0.6478.185, setWindowRect: true, strictFileInteractability: false, timeouts: {implicit: 0, pageLoad: 300000, script: 30000}, unhandledPromptBehavior: dismiss and notify, webauthn:extension:credBlob: true, webauthn:extension:largeBlob: true, webauthn:extension:minPinLength: true, webauthn:extension:prf: true, webauthn:virtualAuthenticators: true}
Session ID: d2675559aaeaf4a3d8e40a8b3d977bee
at java.base/jdk.internal.reflect.DirectConstructorHandleAccessor.newInstance(DirectConstructorHandleAccessor.java:62)
at java.base/java.lang.reflect.Constructor.newInstanceWithCaller(Constructor.java:502)
at java.base/java.lang.reflect.Constructor.newInstance(Constructor.java:486)
at org.openqa.selenium.remote.ErrorCodec.decode(ErrorCodec.java:167)
at org.openqa.selenium.remote.codec.w3c.W3CHttpResponseCodec.decode(W3CHttpResponseCodec.java:138)
at org.openqa.selenium.remote.codec.w3c.W3CHttpResponseCodec.decode(W3CHttpResponseCodec.java:50)
at org.openqa.selenium.remote.HttpCommandExecutor.execute(HttpCommandExecutor.java:190)
at org.openqa.selenium.remote.service.DriverCommandExecutor.invokeExecute(DriverCommandExecutor.java:216)
at org.openqa.selenium.remote.service.DriverCommandExecutor.execute(DriverCommandExecutor.java:174)
at org.openqa.selenium.remote.RemoteWebDriver.execute(RemoteWebDriver.java:518)
at org.openqa.selenium.remote.ElementLocation$ElementFinder$2.findElement(ElementLocation.java:165)
at org.openqa.selenium.remote.ElementLocation.findElement(ElementLocation.java:59)
at org.openqa.selenium.remote.RemoteWebDriver.findElement(RemoteWebDriver.java:355)
at org.openqa.selenium.remote.RemoteWebDriver.findElement(RemoteWebDriver.java:349)
at PasswordReset.NewTest.f(NewTest.java:28)
at java.base/jdk.internal.reflect.DirectMethodHandleAccessor.invoke(DirectMethodHandleAccessor.java:103)
at java.base/java.lang.reflect.Method.invoke(Method.java:580)
at org.testng.internal.MethodInvocationHelper.invokeMethod(MethodInvocationHelper.java:133)
at org.testng.internal.TestInvoker.invokeMethod(TestInvoker.java:598)
at org.testng.internal.TestInvoker.invokeTestMethod(TestInvoker.java:173)
at org.testng.internal.MethodRunner.runInSequence(MethodRunner.java:46)
at org.testng.internal.TestInvoker$MethodInvocationAgent.invoke(TestInvoker.java:824)
at org.testng.internal.TestInvoker.invokeTestMethods(TestInvoker.java:146)
at org.testng.internal.TestMethodWorker.invokeTestMethods(TestMethodWorker.java:146)
at org.testng.internal.TestMethodWorker.run(TestMethodWorker.java:128)
at java.base/java.util.ArrayList.forEach(ArrayList.java:1597)
at org.testng.TestRunner.privateRun(TestRunner.java:794)
at org.testng.TestRunner.run(TestRunner.java:596)
at org.testng.SuiteRunner.runTest(SuiteRunner.java:377)
at org.testng.SuiteRunner.runSequentially(SuiteRunner.java:371)
at org.testng.SuiteRunner.privateRun(SuiteRunner.java:332)
at org.testng.SuiteRunner.run(SuiteRunner.java:276)
at org.testng.SuiteRunnerWorker.runSuite(SuiteRunnerWorker.java:53)
at org.testng.SuiteRunnerWorker.run(SuiteRunnerWorker.java:96)
at org.testng.TestNG.runSuitesSequentially(TestNG.java:1212)
at org.testng.TestNG.runSuitesLocally(TestNG.java:1134)
at org.testng.TestNG.runSuites(TestNG.java:1063)
at org.testng.TestNG.run(TestNG.java:1031)
at org.testng.remote.AbstractRemoteTestNG.run(AbstractRemoteTestNG.java:115)
at org.testng.remote.RemoteTestNG.initAndRun(RemoteTestNG.java:293)
at org.testng.remote.RemoteTestNG.main(RemoteTestNG.java:91)
]]>
            </full-stacktrace>
          </exception> <!-- org.openqa.selenium.NoSuchElementException -->
          <reporter-output>
          </reporter-output>
        </test-method> <!-- f -->
        <test-method is-config="true" signature="teardown()[pri:0, instance:PasswordReset.NewTest@55183b20]" started-at="2024-07-27T10:22:10 IST" name="teardown" finished-at="2024-07-27T10:22:11 IST" duration-ms="249" status="PASS">
          <reporter-output>
          </reporter-output>
        </test-method> <!-- teardown -->
      </class> <!-- PasswordReset.NewTest -->
      <class name="Reorder.NewTest">
        <test-method is-config="true" signature="setup()[pri:0, instance:Reorder.NewTest@f6efaab]" started-at="2024-07-27T10:24:37 IST" name="setup" finished-at="2024-07-27T10:24:38 IST" duration-ms="749" status="PASS">
          <reporter-output>
          </reporter-output>
        </test-method> <!-- setup -->
        <test-method signature="verifyHomePageLoadsCorrectly()[pri:0, instance:Reorder.NewTest@f6efaab]" started-at="2024-07-27T10:24:38 IST" name="verifyHomePageLoadsCorrectly" finished-at="2024-07-27T10:24:56 IST" duration-ms="18301" status="FAIL">
          <exception class="org.openqa.selenium.NoSuchElementException">
            <message>
              <![CDATA[no such element: Unable to locate element: {"method":"xpath","selector":"//div[@aria-hidden='false']//a[normalize-space()='My Account']"}
  (Session info: chrome=126.0.6478.185)
For documentation on this error, please visit: https://www.selenium.dev/documentation/webdriver/troubleshooting/errors#no-such-element-exception
Build info: version: '4.22.0', revision: 'c5f3146703*'
System info: os.name: 'Windows 11', os.arch: 'amd64', os.version: '10.0', java.version: '22.0.1'
Driver info: org.openqa.selenium.chrome.ChromeDriver
Command: [ab369d0d48a86e1a1e8a3f74f030b88e, findElement {value=//div[@aria-hidden='false']//a[normalize-space()='My Account'], using=xpath}]
Capabilities {acceptInsecureCerts: false, browserName: chrome, browserVersion: 126.0.6478.185, chrome: {chromedriverVersion: 126.0.6478.182 (5b5d8292ddf..., userDataDir: C:\Users\ASUS\AppData\Local...}, fedcm:accounts: true, goog:chromeOptions: {debuggerAddress: localhost:60097}, networkConnectionEnabled: false, pageLoadStrategy: normal, platformName: windows, proxy: Proxy(), se:cdp: ws://localhost:60097/devtoo..., se:cdpVersion: 126.0.6478.185, setWindowRect: true, strictFileInteractability: false, timeouts: {implicit: 0, pageLoad: 300000, script: 30000}, unhandledPromptBehavior: dismiss and notify, webauthn:extension:credBlob: true, webauthn:extension:largeBlob: true, webauthn:extension:minPinLength: true, webauthn:extension:prf: true, webauthn:virtualAuthenticators: true}
Session ID: ab369d0d48a86e1a1e8a3f74f030b88e]]>
            </message>
            <full-stacktrace>
              <![CDATA[org.openqa.selenium.NoSuchElementException: no such element: Unable to locate element: {"method":"xpath","selector":"//div[@aria-hidden='false']//a[normalize-space()='My Account']"}
  (Session info: chrome=126.0.6478.185)
For documentation on this error, please visit: https://www.selenium.dev/documentation/webdriver/troubleshooting/errors#no-such-element-exception
Build info: version: '4.22.0', revision: 'c5f3146703*'
System info: os.name: 'Windows 11', os.arch: 'amd64', os.version: '10.0', java.version: '22.0.1'
Driver info: org.openqa.selenium.chrome.ChromeDriver
Command: [ab369d0d48a86e1a1e8a3f74f030b88e, findElement {value=//div[@aria-hidden='false']//a[normalize-space()='My Account'], using=xpath}]
Capabilities {acceptInsecureCerts: false, browserName: chrome, browserVersion: 126.0.6478.185, chrome: {chromedriverVersion: 126.0.6478.182 (5b5d8292ddf..., userDataDir: C:\Users\ASUS\AppData\Local...}, fedcm:accounts: true, goog:chromeOptions: {debuggerAddress: localhost:60097}, networkConnectionEnabled: false, pageLoadStrategy: normal, platformName: windows, proxy: Proxy(), se:cdp: ws://localhost:60097/devtoo..., se:cdpVersion: 126.0.6478.185, setWindowRect: true, strictFileInteractability: false, timeouts: {implicit: 0, pageLoad: 300000, script: 30000}, unhandledPromptBehavior: dismiss and notify, webauthn:extension:credBlob: true, webauthn:extension:largeBlob: true, webauthn:extension:minPinLength: true, webauthn:extension:prf: true, webauthn:virtualAuthenticators: true}
Session ID: ab369d0d48a86e1a1e8a3f74f030b88e
at java.base/jdk.internal.reflect.DirectConstructorHandleAccessor.newInstance(DirectConstructorHandleAccessor.java:62)
at java.base/java.lang.reflect.Constructor.newInstanceWithCaller(Constructor.java:502)
at java.base/java.lang.reflect.Constructor.newInstance(Constructor.java:486)
at org.openqa.selenium.remote.ErrorCodec.decode(ErrorCodec.java:167)
at org.openqa.selenium.remote.codec.w3c.W3CHttpResponseCodec.decode(W3CHttpResponseCodec.java:138)
at org.openqa.selenium.remote.codec.w3c.W3CHttpResponseCodec.decode(W3CHttpResponseCodec.java:50)
at org.openqa.selenium.remote.HttpCommandExecutor.execute(HttpCommandExecutor.java:190)
at org.openqa.selenium.remote.service.DriverCommandExecutor.invokeExecute(DriverCommandExecutor.java:216)
at org.openqa.selenium.remote.service.DriverCommandExecutor.execute(DriverCommandExecutor.java:174)
at org.openqa.selenium.remote.RemoteWebDriver.execute(RemoteWebDriver.java:518)
at org.openqa.selenium.remote.ElementLocation$ElementFinder$2.findElement(ElementLocation.java:165)
at org.openqa.selenium.remote.ElementLocation.findElement(ElementLocation.java:59)
at org.openqa.selenium.remote.RemoteWebDriver.findElement(RemoteWebDriver.java:355)
at org.openqa.selenium.remote.RemoteWebDriver.findElement(RemoteWebDriver.java:349)
at Reorder.NewTest.verifyHomePageLoadsCorrectly(NewTest.java:31)
at java.base/jdk.internal.reflect.DirectMethodHandleAccessor.invoke(DirectMethodHandleAccessor.java:103)
at java.base/java.lang.reflect.Method.invoke(Method.java:580)
at org.testng.internal.MethodInvocationHelper.invokeMethod(MethodInvocationHelper.java:133)
at org.testng.internal.TestInvoker.invokeMethod(TestInvoker.java:598)
at org.testng.internal.TestInvoker.invokeTestMethod(TestInvoker.java:173)
at org.testng.internal.MethodRunner.runInSequence(MethodRunner.java:46)
at org.testng.internal.TestInvoker$MethodInvocationAgent.invoke(TestInvoker.java:824)
at org.testng.internal.TestInvoker.invokeTestMethods(TestInvoker.java:146)
at org.testng.internal.TestMethodWorker.invokeTestMethods(TestMethodWorker.java:146)
at org.testng.internal.TestMethodWorker.run(TestMethodWorker.java:128)
at java.base/java.util.ArrayList.forEach(ArrayList.java:1597)
at org.testng.TestRunner.privateRun(TestRunner.java:794)
at org.testng.TestRunner.run(TestRunner.java:596)
at org.testng.SuiteRunner.runTest(SuiteRunner.java:377)
at org.testng.SuiteRunner.runSequentially(SuiteRunner.java:371)
at org.testng.SuiteRunner.privateRun(SuiteRunner.java:332)
at org.testng.SuiteRunner.run(SuiteRunner.java:276)
at org.testng.SuiteRunnerWorker.runSuite(SuiteRunnerWorker.java:53)
at org.testng.SuiteRunnerWorker.run(SuiteRunnerWorker.java:96)
at org.testng.TestNG.runSuitesSequentially(TestNG.java:1212)
at org.testng.TestNG.runSuitesLocally(TestNG.java:1134)
at org.testng.TestNG.runSuites(TestNG.java:1063)
at org.testng.TestNG.run(TestNG.java:1031)
at org.testng.remote.AbstractRemoteTestNG.run(AbstractRemoteTestNG.java:115)
at org.testng.remote.RemoteTestNG.initAndRun(RemoteTestNG.java:293)
at org.testng.remote.RemoteTestNG.main(RemoteTestNG.java:91)
]]>
            </full-stacktrace>
          </exception> <!-- org.openqa.selenium.NoSuchElementException -->
          <reporter-output>
          </reporter-output>
        </test-method> <!-- verifyHomePageLoadsCorrectly -->
        <test-method is-config="true" signature="teardown()[pri:0, instance:Reorder.NewTest@f6efaab]" started-at="2024-07-27T10:24:56 IST" name="teardown" finished-at="2024-07-27T10:24:56 IST" duration-ms="303" status="PASS">
          <reporter-output>
          </reporter-output>
        </test-method> <!-- teardown -->
      </class> <!-- Reorder.NewTest -->
      <class name="Compare_product_remove.NewTest">
        <test-method is-config="true" signature="setup()[pri:0, instance:Compare_product_remove.NewTest@293a5bf6]" started-at="2024-07-27T10:23:12 IST" name="setup" finished-at="2024-07-27T10:23:12 IST" duration-ms="811" status="PASS">
          <reporter-output>
          </reporter-output>
        </test-method> <!-- setup -->
        <test-method signature="verifyHomePageLoadsCorrectly()[pri:0, instance:Compare_product_remove.NewTest@293a5bf6]" started-at="2024-07-27T10:23:12 IST" name="verifyHomePageLoadsCorrectly" finished-at="2024-07-27T10:23:31 IST" duration-ms="19014" status="PASS">
          <reporter-output>
          </reporter-output>
        </test-method> <!-- verifyHomePageLoadsCorrectly -->
        <test-method is-config="true" signature="teardown()[pri:0, instance:Compare_product_remove.NewTest@293a5bf6]" started-at="2024-07-27T10:23:31 IST" name="teardown" finished-at="2024-07-27T10:23:32 IST" duration-ms="126" status="PASS">
          <reporter-output>
          </reporter-output>
        </test-method> <!-- teardown -->
      </class> <!-- Compare_product_remove.NewTest -->
      <class name="SearchFunctionality.SearchTest">
        <test-method is-config="true" signature="setup()[pri:0, instance:SearchFunctionality.SearchTest@6cf0e0ba]" started-at="2024-07-27T10:22:19 IST" name="setup" finished-at="2024-07-27T10:22:19 IST" duration-ms="786" status="PASS">
          <reporter-output>
          </reporter-output>
        </test-method> <!-- setup -->
        <test-method signature="verifySearchFunctionality()[pri:0, instance:SearchFunctionality.SearchTest@6cf0e0ba]" started-at="2024-07-27T10:22:19 IST" name="verifySearchFunctionality" finished-at="2024-07-27T10:22:26 IST" duration-ms="6067" status="PASS">
          <reporter-output>
          </reporter-output>
        </test-method> <!-- verifySearchFunctionality -->
        <test-method is-config="true" signature="teardown()[pri:0, instance:SearchFunctionality.SearchTest@6cf0e0ba]" started-at="2024-07-27T10:22:26 IST" name="teardown" finished-at="2024-07-27T10:22:26 IST" duration-ms="147" status="PASS">
          <reporter-output>
          </reporter-output>
        </test-method> <!-- teardown -->
      </class> <!-- SearchFunctionality.SearchTest -->
    </test> <!-- Test -->
  </suite> <!-- Suite -->
</testng-results>
